2021-05-13 23:34:56 example.cpp:8: error: not ok
[32708:548165376l]: void* logging(void*)
2021-05-13 23:34:56 example.cpp:8: error: not ok
[32708:539772672l]: void* logging(void*)
2021-05-13 23:35:36 example.cpp:8: error: not ok
[317:962823936l]: void* logging(void*)
2021-05-13 23:35:36 example.cpp:8: error: not ok
[317:954431232l]: void* logging(void*)
2021-05-13 23:36:03 example.cpp:21: info: a
[394:1535506240l]: void test::init()
2021-05-13 23:36:03 example.cpp:8: error: not ok
[394:1535502080l]: void* logging(void*)
2021-05-13 23:36:03 example.cpp:8: error: not ok
[394:1527109376l]: void* logging(void*)
2021-05-13 23:36:18 example.cpp:21: info: string test
[474:1376352064l]: void test::init()
2021-05-13 23:36:18 example.cpp:8: error: not ok
[474:1376347904l]: void* logging(void*)
2021-05-13 23:36:18 example.cpp:8: error: not ok
[474:1367955200l]: void* logging(void*)
2021-05-13 23:38:03 example.cpp:21: info: string test
[609:2605303616l]: void test::init()
2021-05-13 23:38:03 example.cpp:8: error: not ok
[609:2605299456l]: void* logging(void*)
2021-05-13 23:38:03 example.cpp:8: error: not ok
[609:2596906752l]: void* logging(void*)
